<?xml version="1.0" encoding="UTF-8"?>
<testsuite xmlns:xsi="http://www.w3.org/2001/XMLSchema-instance" xsi:noNamespaceSchemaLocation="https://maven.apache.org/surefire/maven-surefire-plugin/xsd/surefire-test-report.xsd" name="org.zyx.mapper.UserMapperTest" time="0.296" tests="7" errors="0" skipped="0" failures="0">
  <properties>
[...]
</properties>
  <testcase name="selectAll" classname="org.zyx.mapper.UserMapperTest" time="0.008"/>
  <testcase name="selectList" classname="org.zyx.mapper.UserMapperTest" time="0.005"/>
  <testcase name="delete" classname="org.zyx.mapper.UserMapperTest" time="0.11"/>
  <testcase name="productVO" classname="org.zyx.mapper.UserMapperTest" time="0.002"/>
  <testcase name="update" classname="org.zyx.mapper.UserMapperTest" time="0.117"/>
  <testcase name="save" classname="org.zyx.mapper.UserMapperTest" time="0.027"/>
  <testcase name="selectBy" classname="org.zyx.mapper.UserMapperTest" time="0.007"/>
</testsuite>